14/03/2014 15:48:15  INFO org.hibernate.annotations.common.Version:37 - HCANN000001: Hibernate Commons Annotations {4.0.2.Final}
14/03/2014 15:48:15  INFO org.hibernate.Version:41 - HHH000412: Hibernate Core {4.2.7.Final}
14/03/2014 15:48:15  INFO org.hibernate.cfg.Environment:238 - HHH000206: hibernate.properties not found
14/03/2014 15:48:15  INFO org.hibernate.cfg.Environment:345 - HHH000021: Bytecode provider name : javassist
14/03/2014 15:48:16  INFO org.hibernate.service.jdbc.connections.internal.ConnectionProviderInitiator:188 - HHH000130: Instantiating explicit connection provider: org.hibernate.service.jdbc.connections.internal.C3P0ConnectionProvider
14/03/2014 15:48:16  INFO org.hibernate.service.jdbc.connections.internal.C3P0ConnectionProvider:128 - HHH010002: C3P0 using driver: oracle.jdbc.OracleDriver at URL: jdbc:oracle:thin:@localhost:1521:XE
14/03/2014 15:48:16  INFO org.hibernate.service.jdbc.connections.internal.C3P0ConnectionProvider:129 - HHH000046: Connection properties: {user=ADVOCATUS, password=****, autocommit=true, release_mode=auto}
14/03/2014 15:48:16  INFO org.hibernate.service.jdbc.connections.internal.C3P0ConnectionProvider:132 - HHH000006: Autocommit mode: true
14/03/2014 15:48:16  INFO com.mchange.v2.log.MLog:92 - MLog clients using log4j logging.
14/03/2014 15:48:16  INFO com.mchange.v2.c3p0.C3P0Registry:216 - Initializing c3p0-0.9.2.1 [built 20-March-2013 10:47:27 +0000; debug? true; trace: 10]
14/03/2014 15:48:16  INFO com.mchange.v2.c3p0.impl.AbstractPoolBackedDataSource:522 - Initializing c3p0 pool... com.mchange.v2.c3p0.PoolBackedDataSource@5d6e643b [ connectionPoolDataSource -> com.mchange.v2.c3p0.WrapperConnectionPoolDataSource@68e52137 [ acquireIncrement -> 1, acquireRetryAttempts -> 30, acquireRetryDelay -> 1000, autoCommitOnClose -> false, automaticTestTable -> null, breakAfterAcquireFailure -> false, checkoutTimeout -> 0, connectionCustomizerClassName -> null, connectionTesterClassName -> com.mchange.v2.c3p0.impl.DefaultConnectionTester, debugUnreturnedConnectionStackTraces -> false, factoryClassLocation -> null, forceIgnoreUnresolvedTransactions -> false, identityToken -> 1hge17b901ht1mvn8gti27|4f5f0269, idleConnectionTestPeriod -> 0, initialPoolSize -> 3, maxAdministrativeTaskTime -> 0, maxConnectionAge -> 0, maxIdleTime -> 0, maxIdleTimeExcessConnections -> 0, maxPoolSize -> 20, maxStatements -> 0, maxStatementsPerConnection -> 0, minPoolSize -> 3, nestedDataSource -> com.mchange.v2.c3p0.DriverManagerDataSource@20a07b25 [ description -> null, driverClass -> null, factoryClassLocation -> null, identityToken -> 1hge17b901ht1mvn8gti27|5db5dc81, jdbcUrl -> jdbc:oracle:thin:@localhost:1521:XE, properties -> {user=******, password=******, autocommit=true, release_mode=auto} ], preferredTestQuery -> null, propertyCycle -> 0, statementCacheNumDeferredCloseThreads -> 0, testConnectionOnCheckin -> false, testConnectionOnCheckout -> false, unreturnedConnectionTimeout -> 0, usesTraditionalReflectiveProxies -> false; userOverrides: {} ], dataSourceName -> null, factoryClassLocation -> null, identityToken -> 1hge17b901ht1mvn8gti27|33538f91, numHelperThreads -> 3 ]
14/03/2014 15:48:17  INFO org.hibernate.dialect.Dialect:130 - HHH000400: Using dialect: org.hibernate.dialect.Oracle8iDialect
14/03/2014 15:48:17  INFO org.hibernate.engine.jdbc.internal.LobCreatorBuilder:120 - HHH000424: Disabling contextual LOB creation as createClob() method threw error : java.lang.reflect.InvocationTargetException
14/03/2014 15:48:17  INFO org.hibernate.engine.transaction.internal.TransactionFactoryInitiator:73 - HHH000268: Transaction strategy: org.hibernate.engine.transaction.internal.jdbc.JdbcTransactionFactory
14/03/2014 15:48:17  INFO org.hibernate.hql.internal.ast.ASTQueryTranslatorFactory:48 - HHH000397: Using ASTQueryTranslatorFactory
14/03/2014 15:48:17  WARN org.hibernate.cfg.SettingsFactory:355 - Unrecognized value for "hibernate.hbm2ddl.auto": none
14/03/2014 15:48:17  INFO org.hibernate.validator.internal.util.Version:27 - HV000001: Hibernate Validator 5.0.2.Final
14/03/2014 15:48:47  INFO org.hibernate.annotations.common.Version:37 - HCANN000001: Hibernate Commons Annotations {4.0.2.Final}
14/03/2014 15:48:47  INFO org.hibernate.Version:41 - HHH000412: Hibernate Core {4.2.7.Final}
14/03/2014 15:48:47  INFO org.hibernate.cfg.Environment:238 - HHH000206: hibernate.properties not found
14/03/2014 15:48:47  INFO org.hibernate.cfg.Environment:345 - HHH000021: Bytecode provider name : javassist
14/03/2014 15:48:48  INFO org.hibernate.service.jdbc.connections.internal.ConnectionProviderInitiator:188 - HHH000130: Instantiating explicit connection provider: org.hibernate.service.jdbc.connections.internal.C3P0ConnectionProvider
14/03/2014 15:48:48  INFO org.hibernate.service.jdbc.connections.internal.C3P0ConnectionProvider:128 - HHH010002: C3P0 using driver: oracle.jdbc.OracleDriver at URL: jdbc:oracle:thin:@localhost:1521:XE
14/03/2014 15:48:48  INFO org.hibernate.service.jdbc.connections.internal.C3P0ConnectionProvider:129 - HHH000046: Connection properties: {user=ADVOCATUS, password=****, autocommit=true, release_mode=auto}
14/03/2014 15:48:48  INFO org.hibernate.service.jdbc.connections.internal.C3P0ConnectionProvider:132 - HHH000006: Autocommit mode: true
14/03/2014 15:48:48  INFO com.mchange.v2.log.MLog:92 - MLog clients using log4j logging.
14/03/2014 15:48:48  INFO com.mchange.v2.c3p0.C3P0Registry:216 - Initializing c3p0-0.9.2.1 [built 20-March-2013 10:47:27 +0000; debug? true; trace: 10]
14/03/2014 15:48:48  INFO com.mchange.v2.c3p0.impl.AbstractPoolBackedDataSource:522 - Initializing c3p0 pool... com.mchange.v2.c3p0.PoolBackedDataSource@df7099c9 [ connectionPoolDataSource -> com.mchange.v2.c3p0.WrapperConnectionPoolDataSource@8e691cf5 [ acquireIncrement -> 1, acquireRetryAttempts -> 30, acquireRetryDelay -> 1000, autoCommitOnClose -> false, automaticTestTable -> null, breakAfterAcquireFailure -> false, checkoutTimeout -> 0, connectionCustomizerClassName -> null, connectionTesterClassName -> com.mchange.v2.c3p0.impl.DefaultConnectionTester, debugUnreturnedConnectionStackTraces -> false, factoryClassLocation -> null, forceIgnoreUnresolvedTransactions -> false, identityToken -> 1hge17b901ht2bft17dnroe|3d5a95c3, idleConnectionTestPeriod -> 0, initialPoolSize -> 3, maxAdministrativeTaskTime -> 0, maxConnectionAge -> 0, maxIdleTime -> 0, maxIdleTimeExcessConnections -> 0, maxPoolSize -> 20, maxStatements -> 0, maxStatementsPerConnection -> 0, minPoolSize -> 3, nestedDataSource -> com.mchange.v2.c3p0.DriverManagerDataSource@abd6e5d6 [ description -> null, driverClass -> null, factoryClassLocation -> null, identityToken -> 1hge17b901ht2bft17dnroe|4198339e, jdbcUrl -> jdbc:oracle:thin:@localhost:1521:XE, properties -> {user=******, password=******, autocommit=true, release_mode=auto} ], preferredTestQuery -> null, propertyCycle -> 0, statementCacheNumDeferredCloseThreads -> 0, testConnectionOnCheckin -> false, testConnectionOnCheckout -> false, unreturnedConnectionTimeout -> 0, usesTraditionalReflectiveProxies -> false; userOverrides: {} ], dataSourceName -> null, factoryClassLocation -> null, identityToken -> 1hge17b901ht2bft17dnroe|6628e279, numHelperThreads -> 3 ]
14/03/2014 15:48:48  INFO org.hibernate.dialect.Dialect:130 - HHH000400: Using dialect: org.hibernate.dialect.Oracle8iDialect
14/03/2014 15:48:48  INFO org.hibernate.engine.jdbc.internal.LobCreatorBuilder:120 - HHH000424: Disabling contextual LOB creation as createClob() method threw error : java.lang.reflect.InvocationTargetException
14/03/2014 15:48:49  INFO org.hibernate.engine.transaction.internal.TransactionFactoryInitiator:73 - HHH000268: Transaction strategy: org.hibernate.engine.transaction.internal.jdbc.JdbcTransactionFactory
14/03/2014 15:48:49  INFO org.hibernate.hql.internal.ast.ASTQueryTranslatorFactory:48 - HHH000397: Using ASTQueryTranslatorFactory
14/03/2014 15:48:49  INFO org.hibernate.validator.internal.util.Version:27 - HV000001: Hibernate Validator 5.0.2.Final
14/03/2014 15:48:49  INFO org.hibernate.tool.hbm2ddl.SchemaUpdate:182 - HHH000228: Running hbm2ddl schema update
14/03/2014 15:48:49  INFO org.hibernate.tool.hbm2ddl.SchemaUpdate:193 - HHH000102: Fetching database metadata
14/03/2014 15:48:50  INFO org.hibernate.tool.hbm2ddl.SchemaUpdate:205 - HHH000396: Updating schema
14/03/2014 15:48:59  INFO org.hibernate.tool.hbm2ddl.TableMetadata:65 - HHH000261: Table found: ADVOCATUS.ADVOGADO
14/03/2014 15:48:59  INFO org.hibernate.tool.hbm2ddl.TableMetadata:66 - HHH000037: Columns: [numerooab, id, fisica_id, escritorio_id]
14/03/2014 15:48:59  INFO org.hibernate.tool.hbm2ddl.TableMetadata:68 - HHH000108: Foreign keys: [fk_advogado_escritorio, fk_advogado_pessoa]
14/03/2014 15:48:59  INFO org.hibernate.tool.hbm2ddl.TableMetadata:69 - HHH000126: Indexes: [sys_c008925]
14/03/2014 15:48:59  INFO org.hibernate.tool.hbm2ddl.TableMetadata:65 - HHH000261: Table found: ADVOCATUS.CIDADE
14/03/2014 15:48:59  INFO org.hibernate.tool.hbm2ddl.TableMetadata:66 - HHH000037: Columns: [id, estado, nome]
14/03/2014 15:48:59  INFO org.hibernate.tool.hbm2ddl.TableMetadata:68 - HHH000108: Foreign keys: []
14/03/2014 15:48:59  INFO org.hibernate.tool.hbm2ddl.TableMetadata:69 - HHH000126: Indexes: [sys_c008927]
14/03/2014 15:49:00  INFO org.hibernate.tool.hbm2ddl.TableMetadata:65 - HHH000261: Table found: ADVOCATUS.ENDERECO
14/03/2014 15:49:00  INFO org.hibernate.tool.hbm2ddl.TableMetadata:66 - HHH000037: Columns: [cidade_id, id, pessoa_id, complemento, cep, endereco, numero]
14/03/2014 15:49:00  INFO org.hibernate.tool.hbm2ddl.TableMetadata:68 - HHH000108: Foreign keys: [fk_endereco_cidade, fk_endereco_pessoa]
14/03/2014 15:49:00  INFO org.hibernate.tool.hbm2ddl.TableMetadata:69 - HHH000126: Indexes: [ak_endereco_endereco, ak_endereco_pessoa, sys_c008931]
14/03/2014 15:49:10  INFO org.hibernate.tool.hbm2ddl.TableMetadata:65 - HHH000261: Table found: ADVOCATUS.ESCRITORIOADVOCACIA
14/03/2014 15:49:10  INFO org.hibernate.tool.hbm2ddl.TableMetadata:66 - HHH000037: Columns: [id]
14/03/2014 15:49:10  INFO org.hibernate.tool.hbm2ddl.TableMetadata:68 - HHH000108: Foreign keys: []
14/03/2014 15:49:10  INFO org.hibernate.tool.hbm2ddl.TableMetadata:69 - HHH000126: Indexes: [sys_c008933]
14/03/2014 15:49:10  INFO org.hibernate.tool.hbm2ddl.TableMetadata:65 - HHH000261: Table found: ADVOCATUS.PESSOA
14/03/2014 15:49:10  INFO org.hibernate.tool.hbm2ddl.TableMetadata:66 - HHH000037: Columns: [id, usuario_id, email, datanascimento, tipo, sexo, cpf, nome, cnpj]
14/03/2014 15:49:10  INFO org.hibernate.tool.hbm2ddl.TableMetadata:68 - HHH000108: Foreign keys: [fk_pessoa_usuario]
14/03/2014 15:49:10  INFO org.hibernate.tool.hbm2ddl.TableMetadata:69 - HHH000126: Indexes: [uk_pessoa_juridica, uk_pessoa_fisica, sys_c008937]
14/03/2014 15:49:10  INFO org.hibernate.tool.hbm2ddl.TableMetadata:65 - HHH000261: Table found: ADVOCATUS.PROCESSOJURIDICO
14/03/2014 15:49:10  INFO org.hibernate.tool.hbm2ddl.TableMetadata:66 - HHH000037: Columns: [id, numeroprocesso, data]
14/03/2014 15:49:10  INFO org.hibernate.tool.hbm2ddl.TableMetadata:68 - HHH000108: Foreign keys: []
14/03/2014 15:49:10  INFO org.hibernate.tool.hbm2ddl.TableMetadata:69 - HHH000126: Indexes: [sys_c008939]
14/03/2014 15:49:10  INFO org.hibernate.tool.hbm2ddl.TableMetadata:65 - HHH000261: Table found: ADVOCATUS.PROCESSOJURIDICO_ADVOGADO
14/03/2014 15:49:10  INFO org.hibernate.tool.hbm2ddl.TableMetadata:66 - HHH000037: Columns: [advogados_id, processosjuridicos_id]
14/03/2014 15:49:10  INFO org.hibernate.tool.hbm2ddl.TableMetadata:68 - HHH000108: Foreign keys: [fk_suqroe0p980eygu9vpvgf7c3w, fk_f3sv2wgnyv2eq2r7f8v4ei6jt]
14/03/2014 15:49:10  INFO org.hibernate.tool.hbm2ddl.TableMetadata:69 - HHH000126: Indexes: []
14/03/2014 15:49:10  INFO java.sql.DatabaseMetaData:146 - HHH000262: Table not found: Produto
14/03/2014 15:49:10  INFO org.hibernate.tool.hbm2ddl.TableMetadata:65 - HHH000261: Table found: ADVOCATUS.TELEFONE
14/03/2014 15:49:10  INFO org.hibernate.tool.hbm2ddl.TableMetadata:66 - HHH000037: Columns: [id, pessoa_id, ddd, tipo, numero]
14/03/2014 15:49:10  INFO org.hibernate.tool.hbm2ddl.TableMetadata:68 - HHH000108: Foreign keys: [fk_telefone_pessoa]
14/03/2014 15:49:10  INFO org.hibernate.tool.hbm2ddl.TableMetadata:69 - HHH000126: Indexes: [sys_c008964, ak_telefone_pessoa]
14/03/2014 15:49:11  INFO org.hibernate.tool.hbm2ddl.TableMetadata:65 - HHH000261: Table found: ADVOCATUS.USUARIO
14/03/2014 15:49:11  INFO org.hibernate.tool.hbm2ddl.TableMetadata:66 - HHH000037: Columns: [datacriacao, id, email, ativo, logon, senha, administrador]
14/03/2014 15:49:11  INFO org.hibernate.tool.hbm2ddl.TableMetadata:68 - HHH000108: Foreign keys: []
14/03/2014 15:49:11  INFO org.hibernate.tool.hbm2ddl.TableMetadata:69 - HHH000126: Indexes: [uk_usuario_02, sys_c008949, uk_usuario_01]
14/03/2014 15:49:11  INFO java.sql.DatabaseMetaData:146 - HHH000262: Table not found: Produto
14/03/2014 15:49:11  INFO java.sql.DatabaseMetaData:146 - HHH000262: Table not found: Produto
14/03/2014 15:49:11  INFO java.sql.DatabaseMetaData:146 - HHH000262: Table not found: hibernate_sequence
14/03/2014 15:49:11  INFO org.hibernate.tool.hbm2ddl.SchemaUpdate:242 - HHH000232: Schema update complete
15/03/2014 12:47:08  INFO org.hibernate.annotations.common.Version:37 - HCANN000001: Hibernate Commons Annotations {4.0.2.Final}
15/03/2014 12:47:08  INFO org.hibernate.Version:41 - HHH000412: Hibernate Core {4.2.7.Final}
15/03/2014 12:47:08  INFO org.hibernate.cfg.Environment:238 - HHH000206: hibernate.properties not found
15/03/2014 12:47:08  INFO org.hibernate.cfg.Environment:345 - HHH000021: Bytecode provider name : javassist
15/03/2014 12:47:08  INFO org.hibernate.service.jdbc.connections.internal.ConnectionProviderInitiator:188 - HHH000130: Instantiating explicit connection provider: org.hibernate.service.jdbc.connections.internal.C3P0ConnectionProvider
15/03/2014 12:47:08  INFO org.hibernate.service.jdbc.connections.internal.C3P0ConnectionProvider:128 - HHH010002: C3P0 using driver: oracle.jdbc.OracleDriver at URL: jdbc:oracle:thin:@localhost:1521:XE
15/03/2014 12:47:08  INFO org.hibernate.service.jdbc.connections.internal.C3P0ConnectionProvider:129 - HHH000046: Connection properties: {user=ADVOCATUS, password=****, autocommit=true, release_mode=auto}
15/03/2014 12:47:08  INFO org.hibernate.service.jdbc.connections.internal.C3P0ConnectionProvider:132 - HHH000006: Autocommit mode: true
15/03/2014 12:47:09  INFO com.mchange.v2.log.MLog:92 - MLog clients using log4j logging.
15/03/2014 12:47:09  INFO com.mchange.v2.c3p0.C3P0Registry:216 - Initializing c3p0-0.9.2.1 [built 20-March-2013 10:47:27 +0000; debug? true; trace: 10]
15/03/2014 12:47:09  INFO com.mchange.v2.c3p0.impl.AbstractPoolBackedDataSource:522 - Initializing c3p0 pool... com.mchange.v2.c3p0.PoolBackedDataSource@cb3d105b [ connectionPoolDataSource -> com.mchange.v2.c3p0.WrapperConnectionPoolDataSource@78a6bbaf [ acquireIncrement -> 1, acquireRetryAttempts -> 30, acquireRetryDelay -> 1000, autoCommitOnClose -> false, automaticTestTable -> null, breakAfterAcquireFailure -> false, checkoutTimeout -> 0, connectionCustomizerClassName -> null, connectionTesterClassName -> com.mchange.v2.c3p0.impl.DefaultConnectionTester, debugUnreturnedConnectionStackTraces -> false, factoryClassLocation -> null, forceIgnoreUnresolvedTransactions -> false, identityToken -> 1hge0yy901j20kezcrv70q|66f3378c, idleConnectionTestPeriod -> 0, initialPoolSize -> 3, maxAdministrativeTaskTime -> 0, maxConnectionAge -> 0, maxIdleTime -> 0, maxIdleTimeExcessConnections -> 0, maxPoolSize -> 20, maxStatements -> 0, maxStatementsPerConnection -> 0, minPoolSize -> 3, nestedDataSource -> com.mchange.v2.c3p0.DriverManagerDataSource@bdccb7bc [ description -> null, driverClass -> null, factoryClassLocation -> null, identityToken -> 1hge0yy901j20kezcrv70q|31c513eb, jdbcUrl -> jdbc:oracle:thin:@localhost:1521:XE, properties -> {user=******, password=******, autocommit=true, release_mode=auto} ], preferredTestQuery -> null, propertyCycle -> 0, statementCacheNumDeferredCloseThreads -> 0, testConnectionOnCheckin -> false, testConnectionOnCheckout -> false, unreturnedConnectionTimeout -> 0, usesTraditionalReflectiveProxies -> false; userOverrides: {} ], dataSourceName -> null, factoryClassLocation -> null, identityToken -> 1hge0yy901j20kezcrv70q|2964d296, numHelperThreads -> 3 ]
15/03/2014 12:47:10  INFO org.hibernate.dialect.Dialect:130 - HHH000400: Using dialect: org.hibernate.dialect.Oracle8iDialect
15/03/2014 12:47:10  INFO org.hibernate.engine.jdbc.internal.LobCreatorBuilder:120 - HHH000424: Disabling contextual LOB creation as createClob() method threw error : java.lang.reflect.InvocationTargetException
15/03/2014 12:47:10  INFO org.hibernate.engine.transaction.internal.TransactionFactoryInitiator:73 - HHH000268: Transaction strategy: org.hibernate.engine.transaction.internal.jdbc.JdbcTransactionFactory
15/03/2014 12:47:10  INFO org.hibernate.hql.internal.ast.ASTQueryTranslatorFactory:48 - HHH000397: Using ASTQueryTranslatorFactory
15/03/2014 12:47:10  INFO org.hibernate.validator.internal.util.Version:27 - HV000001: Hibernate Validator 5.0.2.Final
15/03/2014 12:47:11  INFO org.hibernate.tool.hbm2ddl.SchemaUpdate:182 - HHH000228: Running hbm2ddl schema update
15/03/2014 12:47:11  INFO org.hibernate.tool.hbm2ddl.SchemaUpdate:193 - HHH000102: Fetching database metadata
15/03/2014 12:47:11  INFO org.hibernate.tool.hbm2ddl.SchemaUpdate:205 - HHH000396: Updating schema
15/03/2014 12:47:11  INFO org.hibernate.tool.hbm2ddl.TableMetadata:65 - HHH000261: Table found: ADVOCATUS.ADVOGADO
15/03/2014 12:47:11  INFO org.hibernate.tool.hbm2ddl.TableMetadata:66 - HHH000037: Columns: [numerooab, id, fisica_id, escritorio_id]
15/03/2014 12:47:11  INFO org.hibernate.tool.hbm2ddl.TableMetadata:68 - HHH000108: Foreign keys: [fk_advogado_escritorio, fk_advogado_pessoa]
15/03/2014 12:47:11  INFO org.hibernate.tool.hbm2ddl.TableMetadata:69 - HHH000126: Indexes: [sys_c007304]
15/03/2014 12:47:11  INFO org.hibernate.tool.hbm2ddl.TableMetadata:65 - HHH000261: Table found: ADVOCATUS.CIDADE
15/03/2014 12:47:11  INFO org.hibernate.tool.hbm2ddl.TableMetadata:66 - HHH000037: Columns: [id, estado, nome]
15/03/2014 12:47:11  INFO org.hibernate.tool.hbm2ddl.TableMetadata:68 - HHH000108: Foreign keys: []
15/03/2014 12:47:11  INFO org.hibernate.tool.hbm2ddl.TableMetadata:69 - HHH000126: Indexes: [sys_c007306]
15/03/2014 12:47:11  INFO org.hibernate.tool.hbm2ddl.TableMetadata:65 - HHH000261: Table found: ADVOCATUS.ENDERECO
15/03/2014 12:47:11  INFO org.hibernate.tool.hbm2ddl.TableMetadata:66 - HHH000037: Columns: [cidade_id, id, pessoa_id, complemento, cep, endereco, numero]
15/03/2014 12:47:11  INFO org.hibernate.tool.hbm2ddl.TableMetadata:68 - HHH000108: Foreign keys: [fk_endereco_cidade, fk_endereco_pessoa]
15/03/2014 12:47:11  INFO org.hibernate.tool.hbm2ddl.TableMetadata:69 - HHH000126: Indexes: [ak_endereco_complemento, sys_c007310, ak_endereco_endereco, ak_endereco_pessoa]
15/03/2014 12:47:11  INFO org.hibernate.tool.hbm2ddl.TableMetadata:65 - HHH000261: Table found: ADVOCATUS.ESCRITORIOADVOCACIA
15/03/2014 12:47:11  INFO org.hibernate.tool.hbm2ddl.TableMetadata:66 - HHH000037: Columns: [id]
15/03/2014 12:47:11  INFO org.hibernate.tool.hbm2ddl.TableMetadata:68 - HHH000108: Foreign keys: []
15/03/2014 12:47:11  INFO org.hibernate.tool.hbm2ddl.TableMetadata:69 - HHH000126: Indexes: [sys_c007312]
15/03/2014 12:47:11  INFO org.hibernate.tool.hbm2ddl.TableMetadata:65 - HHH000261: Table found: ADVOCATUS.PESSOA
15/03/2014 12:47:11  INFO org.hibernate.tool.hbm2ddl.TableMetadata:66 - HHH000037: Columns: [id, usuario_id, email, datanascimento, tipo, sexo, cpf, nome, cnpj]
15/03/2014 12:47:11  INFO org.hibernate.tool.hbm2ddl.TableMetadata:68 - HHH000108: Foreign keys: [fk_pessoa_usuario]
15/03/2014 12:47:11  INFO org.hibernate.tool.hbm2ddl.TableMetadata:69 - HHH000126: Indexes: [uk_pessoa_juridica, uk_pessoa_01, uk_pessoa_fisica, sys_c007317]
15/03/2014 12:47:12  INFO org.hibernate.tool.hbm2ddl.TableMetadata:65 - HHH000261: Table found: ADVOCATUS.PROCESSOJURIDICO
15/03/2014 12:47:12  INFO org.hibernate.tool.hbm2ddl.TableMetadata:66 - HHH000037: Columns: [id, numeroprocesso, data]
15/03/2014 12:47:12  INFO org.hibernate.tool.hbm2ddl.TableMetadata:68 - HHH000108: Foreign keys: []
15/03/2014 12:47:12  INFO org.hibernate.tool.hbm2ddl.TableMetadata:69 - HHH000126: Indexes: [sys_c007319]
15/03/2014 12:47:12  INFO org.hibernate.tool.hbm2ddl.TableMetadata:65 - HHH000261: Table found: ADVOCATUS.PROCESSOJURIDICO_ADVOGADO
15/03/2014 12:47:12  INFO org.hibernate.tool.hbm2ddl.TableMetadata:66 - HHH000037: Columns: [advogados_id, processosjuridicos_id]
15/03/2014 12:47:12  INFO org.hibernate.tool.hbm2ddl.TableMetadata:68 - HHH000108: Foreign keys: [fk_suqroe0p980eygu9vpvgf7c3w, fk_f3sv2wgnyv2eq2r7f8v4ei6jt]
15/03/2014 12:47:12  INFO org.hibernate.tool.hbm2ddl.TableMetadata:69 - HHH000126: Indexes: []
15/03/2014 12:47:12  INFO java.sql.DatabaseMetaData:146 - HHH000262: Table not found: Produto
15/03/2014 12:47:12  INFO org.hibernate.tool.hbm2ddl.TableMetadata:65 - HHH000261: Table found: ADVOCATUS.TELEFONE
15/03/2014 12:47:12  INFO org.hibernate.tool.hbm2ddl.TableMetadata:66 - HHH000037: Columns: [id, pessoa_id, ddd, numero]
15/03/2014 12:47:12  INFO org.hibernate.tool.hbm2ddl.TableMetadata:68 - HHH000108: Foreign keys: [fk_telefone_pessoa]
15/03/2014 12:47:12  INFO org.hibernate.tool.hbm2ddl.TableMetadata:69 - HHH000126: Indexes: [sys_c007398, ak_telefone_pessoa]
15/03/2014 12:47:12  INFO org.hibernate.tool.hbm2ddl.TableMetadata:65 - HHH000261: Table found: ADVOCATUS.USUARIO
15/03/2014 12:47:12  INFO org.hibernate.tool.hbm2ddl.TableMetadata:66 - HHH000037: Columns: [datacriacao, id, email, ativo, logon, senha, administrador]
15/03/2014 12:47:12  INFO org.hibernate.tool.hbm2ddl.TableMetadata:68 - HHH000108: Foreign keys: []
15/03/2014 12:47:12  INFO org.hibernate.tool.hbm2ddl.TableMetadata:69 - HHH000126: Indexes: [uk_usuario_02, sys_c007329, uk_usuario_01]
15/03/2014 12:47:12  INFO java.sql.DatabaseMetaData:146 - HHH000262: Table not found: Produto
15/03/2014 12:47:12  INFO java.sql.DatabaseMetaData:146 - HHH000262: Table not found: Produto
15/03/2014 12:47:12  INFO java.sql.DatabaseMetaData:146 - HHH000262: Table not found: hibernate_sequence
15/03/2014 12:47:12 ERROR org.hibernate.tool.hbm2ddl.SchemaUpdate:236 - HHH000388: Unsuccessful: alter table Telefone add tipo number(10,0) not null
15/03/2014 12:47:12 ERROR org.hibernate.tool.hbm2ddl.SchemaUpdate:237 - ORA-01758: a tabela deve estar vazia para incluir a coluna (NOT NULL) obrigatória

15/03/2014 12:47:12  INFO org.hibernate.tool.hbm2ddl.SchemaUpdate:242 - HHH000232: Schema update complete
15/03/2014 15:20:11  INFO org.hibernate.annotations.common.Version:37 - HCANN000001: Hibernate Commons Annotations {4.0.2.Final}
15/03/2014 15:20:11  INFO org.hibernate.Version:41 - HHH000412: Hibernate Core {4.2.7.Final}
15/03/2014 15:20:11  INFO org.hibernate.cfg.Environment:238 - HHH000206: hibernate.properties not found
15/03/2014 15:20:11  INFO org.hibernate.cfg.Environment:345 - HHH000021: Bytecode provider name : javassist
15/03/2014 15:20:11  INFO org.hibernate.service.jdbc.connections.internal.ConnectionProviderInitiator:188 - HHH000130: Instantiating explicit connection provider: org.hibernate.service.jdbc.connections.internal.C3P0ConnectionProvider
15/03/2014 15:20:11  INFO org.hibernate.service.jdbc.connections.internal.C3P0ConnectionProvider:128 - HHH010002: C3P0 using driver: oracle.jdbc.OracleDriver at URL: jdbc:oracle:thin:@localhost:1521:XE
15/03/2014 15:20:11  INFO org.hibernate.service.jdbc.connections.internal.C3P0ConnectionProvider:129 - HHH000046: Connection properties: {user=ADVOCATUS, password=****, autocommit=true, release_mode=auto}
15/03/2014 15:20:11  INFO org.hibernate.service.jdbc.connections.internal.C3P0ConnectionProvider:132 - HHH000006: Autocommit mode: true
15/03/2014 15:20:11  INFO com.mchange.v2.log.MLog:92 - MLog clients using log4j logging.
15/03/2014 15:20:12  INFO com.mchange.v2.c3p0.C3P0Registry:216 - Initializing c3p0-0.9.2.1 [built 20-March-2013 10:47:27 +0000; debug? true; trace: 10]
15/03/2014 15:20:12  INFO com.mchange.v2.c3p0.impl.AbstractPoolBackedDataSource:522 - Initializing c3p0 pool... com.mchange.v2.c3p0.PoolBackedDataSource@c446c472 [ connectionPoolDataSource -> com.mchange.v2.c3p0.WrapperConnectionPoolDataSource@4ba0d3e1 [ acquireIncrement -> 1, acquireRetryAttempts -> 30, acquireRetryDelay -> 1000, autoCommitOnClose -> false, automaticTestTable -> null, breakAfterAcquireFailure -> false, checkoutTimeout -> 0, connectionCustomizerClassName -> null, connectionTesterClassName -> com.mchange.v2.c3p0.impl.DefaultConnectionTester, debugUnreturnedConnectionStackTraces -> false, factoryClassLocation -> null, forceIgnoreUnresolvedTransactions -> false, identityToken -> 1hge0yy901j7hdwg1hrwq9n|9f3d43e, idleConnectionTestPeriod -> 0, initialPoolSize -> 3, maxAdministrativeTaskTime -> 0, maxConnectionAge -> 0, maxIdleTime -> 0, maxIdleTimeExcessConnections -> 0, maxPoolSize -> 20, maxStatements -> 0, maxStatementsPerConnection -> 0, minPoolSize -> 3, nestedDataSource -> com.mchange.v2.c3p0.DriverManagerDataSource@9d9e1ef8 [ description -> null, driverClass -> null, factoryClassLocation -> null, identityToken -> 1hge0yy901j7hdwg1hrwq9n|cf9091c, jdbcUrl -> jdbc:oracle:thin:@localhost:1521:XE, properties -> {user=******, password=******, autocommit=true, release_mode=auto} ], preferredTestQuery -> null, propertyCycle -> 0, statementCacheNumDeferredCloseThreads -> 0, testConnectionOnCheckin -> false, testConnectionOnCheckout -> false, unreturnedConnectionTimeout -> 0, usesTraditionalReflectiveProxies -> false; userOverrides: {} ], dataSourceName -> null, factoryClassLocation -> null, identityToken -> 1hge0yy901j7hdwg1hrwq9n|4c9e3fa6, numHelperThreads -> 3 ]
15/03/2014 15:20:12  INFO org.hibernate.dialect.Dialect:130 - HHH000400: Using dialect: org.hibernate.dialect.Oracle8iDialect
15/03/2014 15:20:12  INFO org.hibernate.engine.jdbc.internal.LobCreatorBuilder:120 - HHH000424: Disabling contextual LOB creation as createClob() method threw error : java.lang.reflect.InvocationTargetException
15/03/2014 15:20:13  INFO org.hibernate.engine.transaction.internal.TransactionFactoryInitiator:73 - HHH000268: Transaction strategy: org.hibernate.engine.transaction.internal.jdbc.JdbcTransactionFactory
15/03/2014 15:20:13  INFO org.hibernate.hql.internal.ast.ASTQueryTranslatorFactory:48 - HHH000397: Using ASTQueryTranslatorFactory
15/03/2014 15:20:13  WARN org.hibernate.cfg.SettingsFactory:355 - Unrecognized value for "hibernate.hbm2ddl.auto": none
15/03/2014 15:20:13  INFO org.hibernate.validator.internal.util.Version:27 - HV000001: Hibernate Validator 5.0.2.Final
15/03/2014 15:20:41  INFO org.hibernate.annotations.common.Version:37 - HCANN000001: Hibernate Commons Annotations {4.0.2.Final}
15/03/2014 15:20:41  INFO org.hibernate.Version:41 - HHH000412: Hibernate Core {4.2.7.Final}
15/03/2014 15:20:41  INFO org.hibernate.cfg.Environment:238 - HHH000206: hibernate.properties not found
15/03/2014 15:20:41  INFO org.hibernate.cfg.Environment:345 - HHH000021: Bytecode provider name : javassist
15/03/2014 15:20:41  INFO org.hibernate.service.jdbc.connections.internal.ConnectionProviderInitiator:188 - HHH000130: Instantiating explicit connection provider: org.hibernate.service.jdbc.connections.internal.C3P0ConnectionProvider
15/03/2014 15:20:41  INFO org.hibernate.service.jdbc.connections.internal.C3P0ConnectionProvider:128 - HHH010002: C3P0 using driver: oracle.jdbc.OracleDriver at URL: jdbc:oracle:thin:@localhost:1521:XE
15/03/2014 15:20:41  INFO org.hibernate.service.jdbc.connections.internal.C3P0ConnectionProvider:129 - HHH000046: Connection properties: {user=ADVOCATUS, password=****, autocommit=true, release_mode=auto}
15/03/2014 15:20:41  INFO org.hibernate.service.jdbc.connections.internal.C3P0ConnectionProvider:132 - HHH000006: Autocommit mode: true
15/03/2014 15:20:42  INFO com.mchange.v2.log.MLog:92 - MLog clients using log4j logging.
15/03/2014 15:20:42  INFO com.mchange.v2.c3p0.C3P0Registry:216 - Initializing c3p0-0.9.2.1 [built 20-March-2013 10:47:27 +0000; debug? true; trace: 10]
15/03/2014 15:20:42  INFO com.mchange.v2.c3p0.impl.AbstractPoolBackedDataSource:522 - Initializing c3p0 pool... com.mchange.v2.c3p0.PoolBackedDataSource@c37c9e12 [ connectionPoolDataSource -> com.mchange.v2.c3p0.WrapperConnectionPoolDataSource@ecfc4781 [ acquireIncrement -> 1, acquireRetryAttempts -> 30, acquireRetryDelay -> 1000, autoCommitOnClose -> false, automaticTestTable -> null, breakAfterAcquireFailure -> false, checkoutTimeout -> 0, connectionCustomizerClassName -> null, connectionTesterClassName -> com.mchange.v2.c3p0.impl.DefaultConnectionTester, debugUnreturnedConnectionStackTraces -> false, factoryClassLocation -> null, forceIgnoreUnresolvedTransactions -> false, identityToken -> 1hge0yy901j7i1a71pg5lp4|421fb7c6, idleConnectionTestPeriod -> 0, initialPoolSize -> 3, maxAdministrativeTaskTime -> 0, maxConnectionAge -> 0, maxIdleTime -> 0, maxIdleTimeExcessConnections -> 0, maxPoolSize -> 20, maxStatements -> 0, maxStatementsPerConnection -> 0, minPoolSize -> 3, nestedDataSource -> com.mchange.v2.c3p0.DriverManagerDataSource@ff785e67 [ description -> null, driverClass -> null, factoryClassLocation -> null, identityToken -> 1hge0yy901j7i1a71pg5lp4|5e08ed20, jdbcUrl -> jdbc:oracle:thin:@localhost:1521:XE, properties -> {user=******, password=******, autocommit=true, release_mode=auto} ], preferredTestQuery -> null, propertyCycle -> 0, statementCacheNumDeferredCloseThreads -> 0, testConnectionOnCheckin -> false, testConnectionOnCheckout -> false, unreturnedConnectionTimeout -> 0, usesTraditionalReflectiveProxies -> false; userOverrides: {} ], dataSourceName -> null, factoryClassLocation -> null, identityToken -> 1hge0yy901j7i1a71pg5lp4|3e761d28, numHelperThreads -> 3 ]
15/03/2014 15:20:43  INFO org.hibernate.dialect.Dialect:130 - HHH000400: Using dialect: org.hibernate.dialect.Oracle8iDialect
15/03/2014 15:20:43  INFO org.hibernate.engine.jdbc.internal.LobCreatorBuilder:120 - HHH000424: Disabling contextual LOB creation as createClob() method threw error : java.lang.reflect.InvocationTargetException
15/03/2014 15:20:43  INFO org.hibernate.engine.transaction.internal.TransactionFactoryInitiator:73 - HHH000268: Transaction strategy: org.hibernate.engine.transaction.internal.jdbc.JdbcTransactionFactory
15/03/2014 15:20:43  INFO org.hibernate.hql.internal.ast.ASTQueryTranslatorFactory:48 - HHH000397: Using ASTQueryTranslatorFactory
15/03/2014 15:20:43  INFO org.hibernate.validator.internal.util.Version:27 - HV000001: Hibernate Validator 5.0.2.Final
15/03/2014 15:20:44  INFO org.hibernate.tool.hbm2ddl.SchemaUpdate:182 - HHH000228: Running hbm2ddl schema update
15/03/2014 15:20:44  INFO org.hibernate.tool.hbm2ddl.SchemaUpdate:193 - HHH000102: Fetching database metadata
15/03/2014 15:20:45  INFO org.hibernate.tool.hbm2ddl.SchemaUpdate:205 - HHH000396: Updating schema
15/03/2014 15:20:55  INFO org.hibernate.tool.hbm2ddl.TableMetadata:65 - HHH000261: Table found: ADVOCATUS.ADVOGADO
15/03/2014 15:20:55  INFO org.hibernate.tool.hbm2ddl.TableMetadata:66 - HHH000037: Columns: [numerooab, id, fisica_id, escritorio_id]
15/03/2014 15:20:55  INFO org.hibernate.tool.hbm2ddl.TableMetadata:68 - HHH000108: Foreign keys: [fk_advogado_escritorio, fk_advogado_pessoa]
15/03/2014 15:20:55  INFO org.hibernate.tool.hbm2ddl.TableMetadata:69 - HHH000126: Indexes: [sys_c007304]
15/03/2014 15:20:55  INFO org.hibernate.tool.hbm2ddl.TableMetadata:65 - HHH000261: Table found: ADVOCATUS.CIDADE
15/03/2014 15:20:55  INFO org.hibernate.tool.hbm2ddl.TableMetadata:66 - HHH000037: Columns: [id, estado, nome]
15/03/2014 15:20:55  INFO org.hibernate.tool.hbm2ddl.TableMetadata:68 - HHH000108: Foreign keys: []
15/03/2014 15:20:55  INFO org.hibernate.tool.hbm2ddl.TableMetadata:69 - HHH000126: Indexes: [sys_c007306]
15/03/2014 15:20:55  INFO org.hibernate.tool.hbm2ddl.TableMetadata:65 - HHH000261: Table found: ADVOCATUS.ENDERECO
15/03/2014 15:20:55  INFO org.hibernate.tool.hbm2ddl.TableMetadata:66 - HHH000037: Columns: [cidade_id, id, pessoa_id, complemento, cep, endereco, numero]
15/03/2014 15:20:55  INFO org.hibernate.tool.hbm2ddl.TableMetadata:68 - HHH000108: Foreign keys: [fk_endereco_cidade, fk_endereco_pessoa]
15/03/2014 15:20:55  INFO org.hibernate.tool.hbm2ddl.TableMetadata:69 - HHH000126: Indexes: [ak_endereco_complemento, sys_c007310, ak_endereco_endereco, ak_endereco_pessoa]
15/03/2014 15:21:05  INFO org.hibernate.tool.hbm2ddl.TableMetadata:65 - HHH000261: Table found: ADVOCATUS.ESCRITORIOADVOCACIA
15/03/2014 15:21:05  INFO org.hibernate.tool.hbm2ddl.TableMetadata:66 - HHH000037: Columns: [id]
15/03/2014 15:21:05  INFO org.hibernate.tool.hbm2ddl.TableMetadata:68 - HHH000108: Foreign keys: []
15/03/2014 15:21:05  INFO org.hibernate.tool.hbm2ddl.TableMetadata:69 - HHH000126: Indexes: [sys_c007312]
15/03/2014 15:21:05  INFO org.hibernate.tool.hbm2ddl.TableMetadata:65 - HHH000261: Table found: ADVOCATUS.PESSOA
15/03/2014 15:21:05  INFO org.hibernate.tool.hbm2ddl.TableMetadata:66 - HHH000037: Columns: [id, usuario_id, email, datanascimento, tipo, sexo, cpf, nome, cnpj]
15/03/2014 15:21:05  INFO org.hibernate.tool.hbm2ddl.TableMetadata:68 - HHH000108: Foreign keys: [fk_pessoa_usuario]
15/03/2014 15:21:05  INFO org.hibernate.tool.hbm2ddl.TableMetadata:69 - HHH000126: Indexes: [uk_pessoa_juridica, uk_pessoa_01, uk_pessoa_fisica, sys_c007317]
15/03/2014 15:21:05  INFO org.hibernate.tool.hbm2ddl.TableMetadata:65 - HHH000261: Table found: ADVOCATUS.PROCESSOJURIDICO
15/03/2014 15:21:05  INFO org.hibernate.tool.hbm2ddl.TableMetadata:66 - HHH000037: Columns: [id, numeroprocesso, data]
15/03/2014 15:21:05  INFO org.hibernate.tool.hbm2ddl.TableMetadata:68 - HHH000108: Foreign keys: []
15/03/2014 15:21:05  INFO org.hibernate.tool.hbm2ddl.TableMetadata:69 - HHH000126: Indexes: [sys_c007319]
15/03/2014 15:21:05  INFO org.hibernate.tool.hbm2ddl.TableMetadata:65 - HHH000261: Table found: ADVOCATUS.PROCESSOJURIDICO_ADVOGADO
15/03/2014 15:21:05  INFO org.hibernate.tool.hbm2ddl.TableMetadata:66 - HHH000037: Columns: [advogados_id, processosjuridicos_id]
15/03/2014 15:21:05  INFO org.hibernate.tool.hbm2ddl.TableMetadata:68 - HHH000108: Foreign keys: [fk_suqroe0p980eygu9vpvgf7c3w, fk_f3sv2wgnyv2eq2r7f8v4ei6jt]
15/03/2014 15:21:05  INFO org.hibernate.tool.hbm2ddl.TableMetadata:69 - HHH000126: Indexes: []
15/03/2014 15:21:05  INFO org.hibernate.tool.hbm2ddl.TableMetadata:65 - HHH000261: Table found: ADVOCATUS.PRODUTO
15/03/2014 15:21:05  INFO org.hibernate.tool.hbm2ddl.TableMetadata:66 - HHH000037: Columns: [id, nome, descricao]
15/03/2014 15:21:05  INFO org.hibernate.tool.hbm2ddl.TableMetadata:68 - HHH000108: Foreign keys: []
15/03/2014 15:21:05  INFO org.hibernate.tool.hbm2ddl.TableMetadata:69 - HHH000126: Indexes: [sys_c007468]
15/03/2014 15:21:05  INFO org.hibernate.tool.hbm2ddl.TableMetadata:65 - HHH000261: Table found: ADVOCATUS.TELEFONE
15/03/2014 15:21:05  INFO org.hibernate.tool.hbm2ddl.TableMetadata:66 - HHH000037: Columns: [id, pessoa_id, ddd, numero]
15/03/2014 15:21:05  INFO org.hibernate.tool.hbm2ddl.TableMetadata:68 - HHH000108: Foreign keys: [fk_telefone_pessoa]
15/03/2014 15:21:05  INFO org.hibernate.tool.hbm2ddl.TableMetadata:69 - HHH000126: Indexes: [sys_c007398, ak_telefone_pessoa]
15/03/2014 15:21:05  INFO org.hibernate.tool.hbm2ddl.TableMetadata:65 - HHH000261: Table found: ADVOCATUS.USUARIO
15/03/2014 15:21:05  INFO org.hibernate.tool.hbm2ddl.TableMetadata:66 - HHH000037: Columns: [datacriacao, id, email, ativo, logon, senha, administrador]
15/03/2014 15:21:05  INFO org.hibernate.tool.hbm2ddl.TableMetadata:68 - HHH000108: Foreign keys: []
15/03/2014 15:21:05  INFO org.hibernate.tool.hbm2ddl.TableMetadata:69 - HHH000126: Indexes: [uk_usuario_02, sys_c007329, uk_usuario_01]
15/03/2014 15:21:05  INFO org.hibernate.tool.hbm2ddl.SchemaUpdate:242 - HHH000232: Schema update complete
